<?xml version="1.0" encoding="utf-8"?><testsuites name="pytest tests"><testsuite name="pytest" errors="0" failures="0" skipped="0" tests="27" time="5.229" timestamp="2026-09-23T10:44:32.769705+00:00" hostname="agent-env-29bcf1b7-adb4-41bd-a573-ef6cb734eb19"><testcase classname="tests.test_elaya_backend.TestHealth" name="test_root" time="0.166" /><testcase classname="tests.test_elaya_backend.TestAuth" name="test_login_admin_returns_role" time="0.283" /><testcase classname="tests.test_elaya_backend.TestAuth" name="test_login_owner_returns_role" time="0.281" /><testcase classname="tests.test_elaya_backend.TestAuth" name="test_login_customer_returns_role" time="0.284" /><testcase classname="tests.test_elaya_backend.TestAuth" name="test_login_invalid" time="0.279" /><testcase classname="tests.test_elaya_backend.TestAuth" name="test_register_customer_default_role" time="0.345" /><testcase classname="tests.test_elaya_backend.TestAuth" name="test_register_duplicate_email" time="0.067" /><testcase classname="tests.test_elaya_backend.TestRBAC" name="test_customer_cannot_access_admin_overview" time="0.061" /><testcase classname="tests.test_elaya_backend.TestRBAC" name="test_owner_cannot_access_admin_users" time="0.061" /><testcase classname="tests.test_elaya_backend.TestRBAC" name="test_admin_cannot_access_customer_orders" time="0.058" /><testcase classname="tests.test_elaya_backend.TestRBAC" name="test_no_token_unauthorized" time="0.059" /><testcase classname="tests.test_elaya_backend.TestProducts" name="test_list_all_products" time="0.059" /><testcase classname="tests.test_elaya_backend.TestProducts" name="test_filter_by_type_flower" time="0.061" /><testcase classname="tests.test_elaya_backend.TestProducts" name="test_filter_by_type_bouquet" time="0.058" /><testcase classname="tests.test_elaya_backend.TestProducts" name="test_filter_by_type_wrapping" time="0.060" /><testcase classname="tests.test_elaya_backend.TestProducts" name="test_get_product_detail" time="0.127" /><testcase classname="tests.test_elaya_backend.TestProducts" name="test_get_product_404" time="0.062" /><testcase classname="tests.test_elaya_backend.TestOwnerProducts" name="test_owner_add_flower_bouquet_wrapping" time="0.239" /><testcase classname="tests.test_elaya_backend.TestOwnerProducts" name="test_customer_cannot_add_flower" time="0.066" /><testcase classname="tests.test_elaya_backend.TestOwnerProducts" name="test_owner_cannot_delete_other_owners_product" time="0.343" /><testcase classname="tests.test_elaya_backend.TestOrders" name="test_customer_create_and_list_orders" time="0.231" /><testcase classname="tests.test_elaya_backend.TestOrders" name="test_owner_sees_only_own_shop_orders" time="0.121" /><testcase classname="tests.test_elaya_backend.TestOrders" name="test_owner_advances_status_through_pipeline" time="0.335" /><testcase classname="tests.test_elaya_backend.TestAdmin" name="test_overview" time="0.065" /><testcase classname="tests.test_elaya_backend.TestAdmin" name="test_toggle_user_status" time="0.976" /><testcase classname="tests.test_elaya_backend.TestAdmin" name="test_toggle_shop_status" time="0.182" /><testcase classname="tests.test_elaya_backend.TestFavorites" name="test_add_list_remove_fav" time="0.240" /></testsuite></testsuites>